18:56:07.167 [info] Child {LoggerFileBackend, :general_log} of Supervisor Logger.Backends.Supervisor started
Pid: #PID<0.112.0>
Start Call: Logger.Backends.Watcher.start_link({{LoggerFileBackend, :general_log}, {LoggerFileBackend, :general_log}})
Restart: :transient
Shutdown: 5000
Type: :worker
18:56:07.167 [info] Child Logger.Backends.Supervisor of Supervisor Logger.Backends.Internal started
Pid: #PID<0.111.0>
Start Call: Logger.Backends.Supervisor.start_link([{LoggerFileBackend, :general_log}])
Restart: :permanent
Shutdown: :infinity
Type: :supervisor
18:56:07.167 [info] Child Logger.Backends.Internal of Supervisor Logger.Supervisor started
Pid: #PID<0.107.0>
Start Call: Logger.Backends.Internal.start_link([])
Restart: :permanent
Shutdown: :infinity
Type: :supervisor
18:56:07.167 [info] Application logger started at :nonode@nohost
18:56:07.837 [error] FATAL: Lexical is not compatible with Erlang/OTP 27.0.0

Lexical is compatible with the following versions of Erlang/OTP:

  >= 24.3.4
  >= 25.0.0
  >= 26.0.2

18:57:32.442 [info] Child {LoggerFileBackend, :general_log} of Supervisor Logger.Backends.Supervisor started
Pid: #PID<0.112.0>
Start Call: Logger.Backends.Watcher.start_link({{LoggerFileBackend, :general_log}, {LoggerFileBackend, :general_log}})
Restart: :transient
Shutdown: 5000
Type: :worker
18:57:32.442 [info] Child Logger.Backends.Supervisor of Supervisor Logger.Backends.Internal started
Pid: #PID<0.111.0>
Start Call: Logger.Backends.Supervisor.start_link([{LoggerFileBackend, :general_log}])
Restart: :permanent
Shutdown: :infinity
Type: :supervisor
18:57:32.442 [info] Child Logger.Backends.Internal of Supervisor Logger.Supervisor started
Pid: #PID<0.107.0>
Start Call: Logger.Backends.Internal.start_link([])
Restart: :permanent
Shutdown: :infinity
Type: :supervisor
18:57:32.442 [info] Application logger started at :nonode@nohost
18:57:33.011 [error] FATAL: Lexical is not compatible with Erlang/OTP 27.0.0

Lexical is compatible with the following versions of Erlang/OTP:

  >= 24.3.4
  >= 25.0.0
  >= 26.0.2

18:59:03.922 [info] Child {LoggerFileBackend, :general_log} of Supervisor Logger.Backends.Supervisor started
Pid: #PID<0.112.0>
Start Call: Logger.Backends.Watcher.start_link({{LoggerFileBackend, :general_log}, {LoggerFileBackend, :general_log}})
Restart: :transient
Shutdown: 5000
Type: :worker
18:59:03.922 [info] Child Logger.Backends.Supervisor of Supervisor Logger.Backends.Internal started
Pid: #PID<0.111.0>
Start Call: Logger.Backends.Supervisor.start_link([{LoggerFileBackend, :general_log}])
Restart: :permanent
Shutdown: :infinity
Type: :supervisor
18:59:03.922 [info] Child Logger.Backends.Internal of Supervisor Logger.Supervisor started
Pid: #PID<0.107.0>
Start Call: Logger.Backends.Internal.start_link([])
Restart: :permanent
Shutdown: :infinity
Type: :supervisor
18:59:03.922 [info] Application logger started at :nonode@nohost
18:59:04.529 [error] FATAL: Lexical is not compatible with Erlang/OTP 27.0.0

Lexical is compatible with the following versions of Erlang/OTP:

  >= 24.3.4
  >= 25.0.0
  >= 26.0.2

18:59:27.776 [info] Child {LoggerFileBackend, :general_log} of Supervisor Logger.Backends.Supervisor started
Pid: #PID<0.112.0>
Start Call: Logger.Backends.Watcher.start_link({{LoggerFileBackend, :general_log}, {LoggerFileBackend, :general_log}})
Restart: :transient
Shutdown: 5000
Type: :worker
18:59:27.777 [info] Child Logger.Backends.Supervisor of Supervisor Logger.Backends.Internal started
Pid: #PID<0.111.0>
Start Call: Logger.Backends.Supervisor.start_link([{LoggerFileBackend, :general_log}])
Restart: :permanent
Shutdown: :infinity
Type: :supervisor
18:59:27.777 [info] Child Logger.Backends.Internal of Supervisor Logger.Supervisor started
Pid: #PID<0.107.0>
Start Call: Logger.Backends.Internal.start_link([])
Restart: :permanent
Shutdown: :infinity
Type: :supervisor
18:59:27.777 [info] Application logger started at :nonode@nohost
18:59:28.373 [error] FATAL: Lexical is not compatible with Erlang/OTP 27.0.0

Lexical is compatible with the following versions of Erlang/OTP:

  >= 24.3.4
  >= 25.0.0
  >= 26.0.2

19:01:23.378 [info] Child {LoggerFileBackend, :general_log} of Supervisor Logger.Backends.Supervisor started
Pid: #PID<0.112.0>
Start Call: Logger.Backends.Watcher.start_link({{LoggerFileBackend, :general_log}, {LoggerFileBackend, :general_log}})
Restart: :transient
Shutdown: 5000
Type: :worker
19:01:23.378 [info] Child Logger.Backends.Supervisor of Supervisor Logger.Backends.Internal started
Pid: #PID<0.111.0>
Start Call: Logger.Backends.Supervisor.start_link([{LoggerFileBackend, :general_log}])
Restart: :permanent
Shutdown: :infinity
Type: :supervisor
19:01:23.378 [info] Child Logger.Backends.Internal of Supervisor Logger.Supervisor started
Pid: #PID<0.107.0>
Start Call: Logger.Backends.Internal.start_link([])
Restart: :permanent
Shutdown: :infinity
Type: :supervisor
19:01:23.378 [info] Application logger started at :nonode@nohost
19:01:24.012 [error] FATAL: Lexical is not compatible with Erlang/OTP 27.0.0

Lexical is compatible with the following versions of Erlang/OTP:

  >= 24.3.4
  >= 25.0.0
  >= 26.0.2

19:07:05.248 [info] Child {LoggerFileBackend, :general_log} of Supervisor Logger.Backends.Supervisor started
Pid: #PID<0.112.0>
Start Call: Logger.Backends.Watcher.start_link({{LoggerFileBackend, :general_log}, {LoggerFileBackend, :general_log}})
Restart: :transient
Shutdown: 5000
Type: :worker
19:07:05.248 [info] Child Logger.Backends.Supervisor of Supervisor Logger.Backends.Internal started
Pid: #PID<0.111.0>
Start Call: Logger.Backends.Supervisor.start_link([{LoggerFileBackend, :general_log}])
Restart: :permanent
Shutdown: :infinity
Type: :supervisor
19:07:05.248 [info] Child Logger.Backends.Internal of Supervisor Logger.Supervisor started
Pid: #PID<0.107.0>
Start Call: Logger.Backends.Internal.start_link([])
Restart: :permanent
Shutdown: :infinity
Type: :supervisor
19:07:05.248 [info] Application logger started at :nonode@nohost
19:07:05.824 [error] FATAL: Lexical is not compatible with Erlang/OTP 27.0.0

Lexical is compatible with the following versions of Erlang/OTP:

  >= 24.3.4
  >= 25.0.0
  >= 26.0.2

15:59:20.550 [info] Child {LoggerFileBackend, :general_log} of Supervisor Logger.Backends.Supervisor started
Pid: #PID<0.112.0>
Start Call: Logger.Backends.Watcher.start_link({{LoggerFileBackend, :general_log}, {LoggerFileBackend, :general_log}})
Restart: :transient
Shutdown: 5000
Type: :worker
15:59:20.550 [info] Child Logger.Backends.Supervisor of Supervisor Logger.Backends.Internal started
Pid: #PID<0.111.0>
Start Call: Logger.Backends.Supervisor.start_link([{LoggerFileBackend, :general_log}])
Restart: :permanent
Shutdown: :infinity
Type: :supervisor
15:59:20.550 [info] Child Logger.Backends.Internal of Supervisor Logger.Supervisor started
Pid: #PID<0.107.0>
Start Call: Logger.Backends.Internal.start_link([])
Restart: :permanent
Shutdown: :infinity
Type: :supervisor
15:59:20.550 [info] Application logger started at :nonode@nohost
15:59:21.126 [error] FATAL: Lexical is not compatible with Erlang/OTP 27.0.0

Lexical is compatible with the following versions of Erlang/OTP:

  >= 24.3.4
  >= 25.0.0
  >= 26.0.2

